{"target": 0.0, "params": {"p1": 0.2, "p2": 0.2}, "datetime": {"datetime": "2021-06-21 02:21:14", "elapsed": 0.0, "delta": 0.0}}
{"target": 0.0, "params": {"p1": 0.2, "p2": 0.2}, "datetime": {"datetime": "2021-06-21 02:21:14", "elapsed": 0.0, "delta": 0.0}}
{"target": 0.0, "params": {"p1": 0.2, "p2": 0.2}, "datetime": {"datetime": "2021-06-21 02:21:14", "elapsed": 0.0, "delta": 0.0}}
{"target": 18.04893577442121, "params": {"p1": 0.2, "p2": 0.2}, "datetime": {"datetime": "2021-06-21 02:21:27", "elapsed": 0.0, "delta": 0.0}}
{"target": 0.0, "params": {"p1": 0.4502132028215444, "p2": 0.6321946960652949}, "datetime": {"datetime": "2021-06-21 06:04:02", "elapsed": 13367.927851, "delta": 13367.927851}}
{"target": 0.0, "params": {"p1": 0.4502132028215444, "p2": 0.6321946960652949}, "datetime": {"datetime": "2021-06-21 06:04:02", "elapsed": 13367.9384, "delta": 13367.9384}}
{"target": 0.0, "params": {"p1": 0.4502132028215444, "p2": 0.6321946960652949}, "datetime": {"datetime": "2021-06-21 06:04:02", "elapsed": 13367.940142, "delta": 13367.940142}}
{"target": 50.19640525756032, "params": {"p1": 0.4502132028215444, "p2": 0.6321946960652949}, "datetime": {"datetime": "2021-06-21 06:04:15", "elapsed": 13368.025335, "delta": 13368.025335}}
