{"target": 0.0, "params": {"p1": 0.15, "p2": 0.15}, "datetime": {"datetime": "2023-05-27 00:47:13", "elapsed": 0.0, "delta": 0.0}}
{"target": 0.0, "params": {"p1": 0.4210643030566731, "p2": 0.6182109207374028}, "datetime": {"datetime": "2023-05-27 00:51:15", "elapsed": 242.215359, "delta": 242.215359}}
{"target": 0.0, "params": {"p1": 0.15007434363127417, "p2": 0.34651617221069586}, "datetime": {"datetime": "2023-05-27 00:55:29", "elapsed": 496.174904, "delta": 253.959545}}
{"target": 0.0, "params": {"p1": 0.24539132903112348, "p2": 0.21002008659971858}, "datetime": {"datetime": "2023-05-27 00:59:27", "elapsed": 734.637319, "delta": 238.462415}}
{"target": 0.0, "params": {"p1": 0.7982089368757079, "p2": 0.7960372034094991}, "datetime": {"datetime": "2023-05-27 01:04:08", "elapsed": 1015.195338, "delta": 280.558019}}
