{"target": 0.06105971202448424, "params": {"AAO_diameter": 165.23937077237264, "AAO_length": 2.270369556545262, "CC": 0.029097564843905306, "Material": 1.532482815592989, "Pb_ED": 27.323673858691368}, "datetime": {"datetime": "2023-11-04 01:18:05", "elapsed": 0.0, "delta": 0.0}}
{"target": 0.03742414192689707, "params": {"AAO_diameter": 268.8879266800314, "AAO_length": 0.8139632761595906, "CC": 0.020732215385037295, "Material": 0.15440160990248963, "Pb_ED": 16.02024609126591}, "datetime": {"datetime": "2023-11-04 01:18:05", "elapsed": 0.006589, "delta": 0.006589}}
{"target": 0.06105971202448424, "params": {"AAO_diameter": 166.25277898268732, "AAO_length": 2.910166228064901, "CC": 0.025502856219384105, "Material": 1.3838527752524135, "Pb_ED": 28.133212522627776}, "datetime": {"datetime": "2023-11-04 01:18:05", "elapsed": 0.094601, "delta": 0.088012}}
{"target": 0.06105971202448424, "params": {"AAO_diameter": 52.04885048918773, "AAO_length": 2.381930857912574, "CC": 0.05340871927835718, "Material": 1.8269461214001441, "Pb_ED": 29.739917764810357}, "datetime": {"datetime": "2023-11-04 01:18:05", "elapsed": 0.334068, "delta": 0.239467}}
{"target": 0.28172996876755646, "params": {"AAO_diameter": 0.0, "AAO_length": 0.5, "CC": 0.1, "Material": 3.0, "Pb_ED": 5.0}, "datetime": {"datetime": "2023-11-04 01:18:06", "elapsed": 0.54573, "delta": 0.211662}}
{"target": 0.3255666753284667, "params": {"AAO_diameter": 200.0, "AAO_length": 1.0, "CC": 0.001, "Material": 0.0, "Pb_ED": 10.0}, "datetime": {"datetime": "2023-11-04 01:18:06", "elapsed": 0.547772, "delta": 0.002042}}
{"target": 0.3491961168657064, "params": {"AAO_diameter": 8.962863263570087, "AAO_length": 1.6420830609867778, "CC": 0.06491791332099993, "Material": 0.8354618479439259, "Pb_ED": 21.90637254950328}, "datetime": {"datetime": "2023-11-04 01:18:06", "elapsed": 0.549329, "delta": 0.001557}}
{"target": 0.04173435055468935, "params": {"AAO_diameter": 177.25884522490526, "AAO_length": 0.5599547059429134, "CC": 0.055889820258208295, "Material": 0.7777573407223962, "Pb_ED": 15.377529925251741}, "datetime": {"datetime": "2023-11-04 01:18:06", "elapsed": 0.551462, "delta": 0.002133}}
{"target": 0.11676376793579397, "params": {"AAO_diameter": 85.05752453139563, "AAO_length": 2.2328447957824906, "CC": 0.04405096722989725, "Material": 0.4706032154248898, "Pb_ED": 18.61622545079612}, "datetime": {"datetime": "2023-11-04 01:18:06", "elapsed": 0.553051, "delta": 0.001589}}
{"target": 0.22410991525011859, "params": {"AAO_diameter": 234.0944293534101, "AAO_length": 1.2659088309404494, "CC": 0.02220356881437882, "Material": 1.1639137726669464, "Pb_ED": 28.40959124651076}, "datetime": {"datetime": "2023-11-04 01:18:06", "elapsed": 0.554485, "delta": 0.001434}}
{"target": 0.018588045632986595, "params": {"AAO_diameter": 292.7986267418801, "AAO_length": 2.180959189782034, "CC": 0.09028438251275443, "Material": 2.537252613879538, "Pb_ED": 14.44985103322223}, "datetime": {"datetime": "2023-11-04 01:18:06", "elapsed": 0.556652, "delta": 0.002167}}
{"target": 0.28172996876755646, "params": {"AAO_diameter": 217.81280254621268, "AAO_length": 3.0, "CC": 0.1, "Material": 0.0, "Pb_ED": 5.0}, "datetime": {"datetime": "2023-11-04 01:18:06", "elapsed": 0.769134, "delta": 0.212482}}
{"target": 0.018588045632986595, "params": {"AAO_diameter": 209.273705084338, "AAO_length": 0.5, "CC": 1e-05, "Material": 3.0, "Pb_ED": 27.278258609968507}, "datetime": {"datetime": "2023-11-04 01:18:06", "elapsed": 0.964645, "delta": 0.195511}}
{"target": 0.11676376793579397, "params": {"AAO_diameter": 16.457015741826396, "AAO_length": 3.0, "CC": 0.04573174471959935, "Material": 0.0, "Pb_ED": 10.543546314984964}, "datetime": {"datetime": "2023-11-04 01:18:06", "elapsed": 1.25276, "delta": 0.288115}}
{"target": 0.05311516617823965, "params": {"AAO_diameter": 0.0, "AAO_length": 0.5, "CC": 0.1, "Material": 3.0, "Pb_ED": 19.609760867143848}, "datetime": {"datetime": "2023-11-04 01:18:06", "elapsed": 1.459503, "delta": 0.206743}}
{"target": 0.3491961168657064, "params": {"AAO_diameter": 12.451694191872983, "AAO_length": 2.031444983989522, "CC": 0.05014255354529182, "Material": 0.0, "Pb_ED": 24.236840897315204}, "datetime": {"datetime": "2023-11-04 01:18:07", "elapsed": 1.677354, "delta": 0.217851}}
{"target": 0.10022650975131332, "params": {"AAO_diameter": 207.24569760919505, "AAO_length": 1.918093265446848, "CC": 0.044874620674810836, "Material": 0.0, "Pb_ED": 6.518937952358319}, "datetime": {"datetime": "2023-11-04 01:18:07", "elapsed": 1.896352, "delta": 0.218998}}
{"target": 0.05311516617823965, "params": {"AAO_diameter": 12.99510328564941, "AAO_length": 0.5, "CC": 0.1, "Material": 3.0, "Pb_ED": 20.934691721284178}, "datetime": {"datetime": "2023-11-04 01:18:07", "elapsed": 2.240159, "delta": 0.343807}}
{"target": 0.3491961168657064, "params": {"AAO_diameter": 9.713601087897139, "AAO_length": 2.0370417417649307, "CC": 0.013337835819236853, "Material": 0.45912292803174626, "Pb_ED": 24.26044132485841}, "datetime": {"datetime": "2023-11-04 01:18:07", "elapsed": 2.410832, "delta": 0.170673}}
{"target": 0.04173435055468935, "params": {"AAO_diameter": 12.664481650455684, "AAO_length": 0.9561843818402398, "CC": 0.08435782257831981, "Material": 0.21886209117410316, "Pb_ED": 28.07086130120763}, "datetime": {"datetime": "2023-11-04 01:18:08", "elapsed": 2.666617, "delta": 0.255785}}
{"target": 0.018588045632986595, "params": {"AAO_diameter": 9.677127142611319, "AAO_length": 2.7699644572265814, "CC": 0.006217564143075771, "Material": 2.7705340420378874, "Pb_ED": 23.678149345757777}, "datetime": {"datetime": "2023-11-04 01:18:08", "elapsed": 2.894535, "delta": 0.227918}}
{"target": 0.3491961168657064, "params": {"AAO_diameter": 10.593730767979407, "AAO_length": 1.5927114886170315, "CC": 0.06445711690198769, "Material": 0.0, "Pb_ED": 23.04403355124558}, "datetime": {"datetime": "2023-11-04 01:18:08", "elapsed": 3.101343, "delta": 0.206808}}
{"target": 0.11676376793579397, "params": {"AAO_diameter": 11.040428044961422, "AAO_length": 3.0, "CC": 1e-05, "Material": 0.0, "Pb_ED": 24.04308490203132}, "datetime": {"datetime": "2023-11-04 01:18:08", "elapsed": 3.328702, "delta": 0.227359}}
{"target": 0.3491961168657064, "params": {"AAO_diameter": 10.054165474279097, "AAO_length": 1.1706032494619099, "CC": 0.04762077537510215, "Material": 0.8119760767579055, "Pb_ED": 22.15024373430835}, "datetime": {"datetime": "2023-11-04 01:18:08", "elapsed": 3.484648, "delta": 0.155946}}
{"target": 0.3491961168657064, "params": {"AAO_diameter": 10.095830739725098, "AAO_length": 0.7546298695827204, "CC": 0.021938669136931745, "Material": 0.8683041538856524, "Pb_ED": 24.032831705450835}, "datetime": {"datetime": "2023-11-04 01:18:09", "elapsed": 3.619616, "delta": 0.134968}}
{"target": 0.3491961168657064, "params": {"AAO_diameter": 11.915886259259167, "AAO_length": 1.1679319460653415, "CC": 0.07330206196531433, "Material": 1.419362236890699, "Pb_ED": 23.94145438580673}, "datetime": {"datetime": "2023-11-04 01:18:09", "elapsed": 3.829485, "delta": 0.209869}}
{"target": 0.28172996876755646, "params": {"AAO_diameter": 8.72389595993223, "AAO_length": 1.0431966993515078, "CC": 0.1, "Material": 0.0, "Pb_ED": 23.32451828448973}, "datetime": {"datetime": "2023-11-04 01:18:09", "elapsed": 4.072529, "delta": 0.243044}}
{"target": 0.3491961168657064, "params": {"AAO_diameter": 13.71957119329641, "AAO_length": 0.9582352995498717, "CC": 0.02632040162929833, "Material": 0.4355030174169813, "Pb_ED": 24.024254210853865}, "datetime": {"datetime": "2023-11-04 01:18:09", "elapsed": 4.191055, "delta": 0.118526}}
{"target": 0.3491961168657064, "params": {"AAO_diameter": 12.215644300185957, "AAO_length": 0.7482673943039121, "CC": 0.005200633807391982, "Material": 0.5326637995112237, "Pb_ED": 23.426246104507968}, "datetime": {"datetime": "2023-11-04 01:18:09", "elapsed": 4.312865, "delta": 0.12181}}
{"target": 0.3491961168657064, "params": {"AAO_diameter": 9.193365596821955, "AAO_length": 1.3623604485792669, "CC": 0.013674330736388596, "Material": 0.7085123736185154, "Pb_ED": 19.748863059620657}, "datetime": {"datetime": "2023-11-04 01:18:10", "elapsed": 4.521146, "delta": 0.208281}}
{"target": 0.11676376793579397, "params": {"AAO_diameter": 7.9892714972296055, "AAO_length": 2.865799369889305, "CC": 1e-05, "Material": 0.0, "Pb_ED": 20.216979134438855}, "datetime": {"datetime": "2023-11-04 01:18:10", "elapsed": 4.75941, "delta": 0.238264}}
{"target": 0.3491961168657064, "params": {"AAO_diameter": 9.880246425162188, "AAO_length": 0.5227703372297463, "CC": 0.0756144787168957, "Material": 1.7175610607022178, "Pb_ED": 20.57558042257339}, "datetime": {"datetime": "2023-11-04 01:18:10", "elapsed": 4.913642, "delta": 0.154232}}
{"target": 0.028564727225466505, "params": {"AAO_diameter": 8.219236624769167, "AAO_length": 0.6362361668982139, "CC": 0.024445718060174516, "Material": 2.472810739054702, "Pb_ED": 20.280159345289164}, "datetime": {"datetime": "2023-11-04 01:18:10", "elapsed": 5.161667, "delta": 0.248025}}
{"target": 0.04173435055468935, "params": {"AAO_diameter": 11.438970117754554, "AAO_length": 0.7819134501927167, "CC": 0.09676078820786614, "Material": 0.476633623178793, "Pb_ED": 24.915233782339577}, "datetime": {"datetime": "2023-11-04 01:18:10", "elapsed": 5.338049, "delta": 0.176382}}
{"target": 0.3491961168657064, "params": {"AAO_diameter": 9.37173211104686, "AAO_length": 0.9775237446295186, "CC": 0.014524104941794217, "Material": 0.047261996241043325, "Pb_ED": 20.730009763073042}, "datetime": {"datetime": "2023-11-04 01:18:10", "elapsed": 5.496645, "delta": 0.158596}}
{"target": 0.3491961168657064, "params": {"AAO_diameter": 12.946136387545472, "AAO_length": 1.8909373411076171, "CC": 0.08876992179481978, "Material": 0.8980138074030616, "Pb_ED": 23.284873173397468}, "datetime": {"datetime": "2023-11-04 01:18:11", "elapsed": 5.737069, "delta": 0.240424}}
{"target": 0.3491961168657064, "params": {"AAO_diameter": 11.831612977870565, "AAO_length": 1.6768100718974766, "CC": 0.08032229055062183, "Material": 0.83697005178067, "Pb_ED": 21.465064256026924}, "datetime": {"datetime": "2023-11-04 01:18:11", "elapsed": 5.896408, "delta": 0.159339}}
{"target": 0.3491961168657064, "params": {"AAO_diameter": 11.39720603384341, "AAO_length": 0.754058473227512, "CC": 0.02494663449143795, "Material": 1.7006780765513612, "Pb_ED": 22.563718745753523}, "datetime": {"datetime": "2023-11-04 01:18:11", "elapsed": 6.105992, "delta": 0.209584}}
{"target": 0.3491961168657064, "params": {"AAO_diameter": 10.86138355311358, "AAO_length": 0.8698598921022722, "CC": 0.05141133757543645, "Material": 0.8587385200421846, "Pb_ED": 18.969873455593007}, "datetime": {"datetime": "2023-11-04 01:18:11", "elapsed": 6.324516, "delta": 0.218524}}
{"target": 0.11676376793579397, "params": {"AAO_diameter": 10.61406859595021, "AAO_length": 2.586858014586784, "CC": 0.09510891978500567, "Material": 1.962097649053914, "Pb_ED": 19.52876005520462}, "datetime": {"datetime": "2023-11-04 01:18:12", "elapsed": 6.522706, "delta": 0.19819}}
{"target": 0.11676376793579397, "params": {"AAO_diameter": 14.26066279320205, "AAO_length": 2.774978941661949, "CC": 0.02025250060400212, "Material": 0.10913662842770722, "Pb_ED": 24.523681637236198}, "datetime": {"datetime": "2023-11-04 01:18:12", "elapsed": 6.698838, "delta": 0.176132}}
