{"target": 0.0, "params": {"p1": 0.25, "p2": 0.25}, "datetime": {"datetime": "2021-06-22 03:36:43", "elapsed": 0.0, "delta": 0.0}}
{"target": 0.0, "params": {"p1": 0.25, "p2": 0.25}, "datetime": {"datetime": "2021-06-22 03:36:43", "elapsed": 0.0, "delta": 0.0}}
{"target": 133.20627111019684, "params": {"p1": 0.25, "p2": 0.25}, "datetime": {"datetime": "2021-06-22 03:38:09", "elapsed": 0.0, "delta": 0.0}}
{"target": 0.0, "params": {"p1": 0.4502132028215444, "p2": 0.6321946960652949}, "datetime": {"datetime": "2021-06-22 07:51:50", "elapsed": 15307.043255, "delta": 15307.043255}}
{"target": 0.0, "params": {"p1": 0.4502132028215444, "p2": 0.6321946960652949}, "datetime": {"datetime": "2021-06-22 07:51:50", "elapsed": 15307.04376, "delta": 15307.04376}}
{"target": 30.15159900299863, "params": {"p1": 0.4502132028215444, "p2": 0.6321946960652949}, "datetime": {"datetime": "2021-06-22 07:53:13", "elapsed": 15304.012157, "delta": 15304.012157}}
{"target": 0.0, "params": {"p1": 0.20006862489040694, "p2": 0.3813995435791039}, "datetime": {"datetime": "2021-06-22 12:08:49", "elapsed": 30725.569318, "delta": 15418.525558}}
{"target": 0.0, "params": {"p1": 0.20006862489040694, "p2": 0.3813995435791039}, "datetime": {"datetime": "2021-06-22 12:08:49", "elapsed": 30725.584838, "delta": 15418.541583}}
{"target": 132.31004511668274, "params": {"p1": 0.20006862489040694, "p2": 0.3813995435791039}, "datetime": {"datetime": "2021-06-22 12:09:28", "elapsed": 30679.568237, "delta": 15375.55608}}
{"target": 0.0, "params": {"p1": 0.2880535344902678, "p2": 0.2554031568612787}, "datetime": {"datetime": "2021-06-22 16:26:04", "elapsed": 46160.988147, "delta": 15435.418829}}
{"target": 0.0, "params": {"p1": 0.2880535344902678, "p2": 0.2554031568612787}, "datetime": {"datetime": "2021-06-22 16:26:04", "elapsed": 46161.007447, "delta": 15435.422609}}
{"target": 128.04761565528176, "params": {"p1": 0.2880535344902678, "p2": 0.2554031568612787}, "datetime": {"datetime": "2021-06-22 16:27:22", "elapsed": 46153.241373, "delta": 15473.673136}}
{"target": 0.0, "params": {"p1": 0.798346710962192, "p2": 0.7963420339164609}, "datetime": {"datetime": "2021-06-22 20:34:41", "elapsed": 61078.01629, "delta": 14917.008843}}
{"target": 0.0, "params": {"p1": 0.798346710962192, "p2": 0.7963420339164609}, "datetime": {"datetime": "2021-06-22 20:34:41", "elapsed": 61078.024081, "delta": 14917.035934}}
{"target": 9.196073216059853, "params": {"p1": 0.8, "p2": 0.2}, "datetime": {"datetime": "2021-06-22 20:35:24", "elapsed": 61035.814415, "delta": 14882.573042}}
